#
# There is insufficient memory for the Java Runtime Environment to continue.
# Native memory allocation (malloc) failed to allocate 992816 bytes for Chunk::new
# Possible reasons:
#   The system is out of physical RAM or swap space
#   The process is running with CompressedOops enabled, and the Java Heap may be blocking the growth of the native heap
# Possible solutions:
#   Reduce memory load on the system
#   Increase physical memory or swap space
#   Check if swap backing store is full
#   Decrease Java heap size (-Xmx/-Xms)
#   Decrease number of Java threads
#   Decrease Java thread stack sizes (-Xss)
#   Set larger code cache with -XX:ReservedCodeCacheSize=
#   JVM is running with Zero Based Compressed Oops mode in which the Java heap is
#     placed in the first 32GB address space. The Java Heap base address is the
#     maximum limit for the native heap growth. Please use -XX:HeapBaseMinAddress
#     to set the Java Heap base and to place the Java Heap above 32GB virtual address.
# This output file may be truncated or incomplete.
#
#  Out of Memory Error (t:/workspace/open/src/hotspot/share/memory/arena.cpp:197), pid=16328, tid=33748
#
# JRE version: Java(TM) SE Runtime Environment (11.0.1+13) (build 11.0.1+13-LTS)
# Java VM: Java HotSpot(TM) 64-Bit Server VM (11.0.1+13-LTS, mixed mode, tiered, compressed oops, g1 gc, windows-amd64)
# No core dump will be written. Minidumps are not enabled by default on client versions of Windows
#

---------------  S U M M A R Y ------------

Command Line: -javaagent:C:\Program Files\JetBrains\IntelliJ IDEA 2018.2.5\lib\idea_rt.jar=57227:C:\Program Files\JetBrains\IntelliJ IDEA 2018.2.5\bin -Dfile.encoding=UTF-8 --module-path=C:\Users\mlx\OneDrive\IdeaProject\Project_DSAA\target\classes;C:\Users\mlx\.m2\repository\org\openjfx\javafx-controls\11.0.1\javafx-controls-11.0.1.jar;C:\Users\mlx\.m2\repository\org\openjfx\javafx-controls\11.0.1\javafx-controls-11.0.1-win.jar;C:\Users\mlx\.m2\repository\org\openjfx\javafx-graphics\11.0.1\javafx-graphics-11.0.1.jar;C:\Users\mlx\.m2\repository\org\openjfx\javafx-graphics\11.0.1\javafx-graphics-11.0.1-win.jar;C:\Users\mlx\.m2\repository\org\openjfx\javafx-base\11.0.1\javafx-base-11.0.1.jar;C:\Users\mlx\.m2\repository\org\openjfx\javafx-base\11.0.1\javafx-base-11.0.1-win.jar;C:\Users\mlx\.m2\repository\org\openjfx\javafx-fxml\11.0.1\javafx-fxml-11.0.1.jar;C:\Users\mlx\.m2\repository\org\openjfx\javafx-fxml\11.0.1\javafx-fxml-11.0.1-win.jar;C:\Users\mlx\.m2\repository\com\jfoenix\jfoenix\9.0.8\jfoenix-9.0.8.jar -Djdk.module.main=Project.DSAA Project.DSAA/gui.Main

Host: AMD Ryzen 5 2600 Six-Core Processor            , 12 cores, 15G,  Windows 10 , 64 bit Build 17134 (10.0.17134.1)
Time: Thu Dec 20 21:18:44 2018 ?D1¨²¡À¨º¡Á?¨º¡À?? elapsed time: 48 seconds (0d 0h 0m 48s)

---------------  T H R E A D  ---------------

Current thread (0x000001dcf26ad800):  JavaThread "C2 CompilerThread1" daemon [_thread_in_native, id=33748, stack(0x000000ad4d100000,0x000000ad4d200000)]


Current CompileTask:
C2:  48058 4945       4       javafx.scene.Node::doUpdatePeer (361 bytes)

Stack: [0x000000ad4d100000,0x000000ad4d200000]
Native frames: (J=compiled Java code, j=interpreted, Vv=VM code, C=native code)
V  [jvm.dll+0x63c21a]
V  [jvm.dll+0x7797df]
V  [jvm.dll+0x77adca]
V  [jvm.dll+0x77b483]
V  [jvm.dll+0x2627f8]
V  [jvm.dll+0xc5c71]
V  [jvm.dll+0xc61fc]
V  [jvm.dll+0x2d10f4]
V  [jvm.dll+0x55412f]
V  [jvm.dll+0x21e90f]
V  [jvm.dll+0x21b846]
V  [jvm.dll+0x198390]
V  [jvm.dll+0x22a97f]
V  [jvm.dll+0x228f98]
V  [jvm.dll+0x73f03d]
V  [jvm.dll+0x63b2b2]
C  [ucrtbase.dll+0x1c4ce]
C  [KERNEL32.DLL+0x13034]
C  [ntdll.dll+0x73691]


---------------  P R O C E S S  ---------------

Threads class SMR info:
_java_thread_list=0x000001dcf3260a60, length=19, elements={
0x000001dccd555800, 0x000001dcf1302800, 0x000001dcf1306800, 0x000001dcf1c13800,
0x000001dcf1c16000, 0x000001dcf1c18000, 0x000001dcf1c24000, 0x000001dcf1c28800,
0x000001dcf1b90800, 0x000001dcf234b000, 0x000001dcf24dc800, 0x000001dcf261e800,
0x000001dcf23e9800, 0x000001dcf2416800, 0x000001dcf2b35000, 0x000001dcf2bbf800,
0x000001dcf2eb8800, 0x000001dc81ed0000, 0x000001dcf26ad800
}

Java Threads: ( => current thread )
  0x000001dccd555800 JavaThread "main" [_thread_blocked, id=35496, stack(0x000000ad4bd00000,0x000000ad4be00000)]
  0x000001dcf1302800 JavaThread "Reference Handler" daemon [_thread_blocked, id=8904, stack(0x000000ad4c400000,0x000000ad4c500000)]
  0x000001dcf1306800 JavaThread "Finalizer" daemon [_thread_blocked, id=19244, stack(0x000000ad4c500000,0x000000ad4c600000)]
  0x000001dcf1c13800 JavaThread "Signal Dispatcher" daemon [_thread_blocked, id=28708, stack(0x000000ad4c600000,0x000000ad4c700000)]
  0x000001dcf1c16000 JavaThread "Attach Listener" daemon [_thread_blocked, id=10984, stack(0x000000ad4c700000,0x000000ad4c800000)]
  0x000001dcf1c18000 JavaThread "C2 CompilerThread0" daemon [_thread_blocked, id=14020, stack(0x000000ad4c800000,0x000000ad4c900000)]
  0x000001dcf1c24000 JavaThread "C1 CompilerThread0" daemon [_thread_blocked, id=2684, stack(0x000000ad4c900000,0x000000ad4ca00000)]
  0x000001dcf1c28800 JavaThread "Sweeper thread" daemon [_thread_blocked, id=21832, stack(0x000000ad4ca00000,0x000000ad4cb00000)]
  0x000001dcf1b90800 JavaThread "Common-Cleaner" daemon [_thread_blocked, id=22120, stack(0x000000ad4cb00000,0x000000ad4cc00000)]
  0x000001dcf234b000 JavaThread "Monitor Ctrl-Break" daemon [_thread_in_native, id=21068, stack(0x000000ad4ce00000,0x000000ad4cf00000)]
  0x000001dcf24dc800 JavaThread "Service Thread" daemon [_thread_blocked, id=7936, stack(0x000000ad4cf00000,0x000000ad4d000000)]
  0x000001dcf261e800 JavaThread "QuantumRenderer-0" daemon [_thread_blocked, id=20696, stack(0x000000ad4cd00000,0x000000ad4ce00000)]
  0x000001dcf23e9800 JavaThread "InvokeLaterDispatcher" daemon [_thread_blocked, id=33500, stack(0x000000ad4d200000,0x000000ad4d300000)]
  0x000001dcf2416800 JavaThread "JavaFX Application Thread" [_thread_in_native, id=17960, stack(0x000000ad4d300000,0x000000ad4d400000)]
  0x000001dcf2b35000 JavaThread "Thread-1" daemon [_thread_in_native, id=1236, stack(0x000000ad4cc00000,0x000000ad4cd00000)]
  0x000001dcf2bbf800 JavaThread "JavaFX-Launcher" [_thread_blocked, id=29012, stack(0x000000ad4d500000,0x000000ad4d600000)]
  0x000001dcf2eb8800 JavaThread "Prism Font Disposer" daemon [_thread_blocked, id=21064, stack(0x000000ad4dc00000,0x000000ad4dd00000)]
  0x000001dc81ed0000 JavaThread "Cleaner-0" daemon [_thread_blocked, id=25756, stack(0x000000ad4e400000,0x000000ad4e500000)]
=>0x000001dcf26ad800 JavaThread "C2 CompilerThread1" daemon [_thread_in_native, id=33748, stack(0x000000ad4d100000,0x000000ad4d200000)]

Other Threads:
  0x000001dcf12fa000 VMThread "VM Thread" [stack: 0x000000ad4c300000,0x000000ad4c400000] [id=23368]
  0x000001dcf1ebc000 WatcherThread [stack: 0x000000ad4d000000,0x000000ad4d100000] [id=3092]
  0x000001dccd56e800 GCTaskThread "GC Thread#0" [stack: 0x000000ad4be00000,0x000000ad4bf00000] [id=4700]
  0x000001dcf2b6a000 GCTaskThread "GC Thread#1" [stack: 0x000000ad4d600000,0x000000ad4d700000] [id=25140]
  0x000001dcf2b6a800 GCTaskThread "GC Thread#2" [stack: 0x000000ad4d700000,0x000000ad4d800000] [id=3120]
  0x000001dcf2b6b000 GCTaskThread "GC Thread#3" [stack: 0x000000ad4d800000,0x000000ad4d900000] [id=5336]
  0x000001dcf2b6c000 GCTaskThread "GC Thread#4" [stack: 0x000000ad4d900000,0x000000ad4da00000] [id=21080]
  0x000001dcf2b9b800 GCTaskThread "GC Thread#5" [stack: 0x000000ad4da00000,0x000000ad4db00000] [id=13412]
  0x000001dccd5ca000 ConcurrentGCThread "G1 Main Marker" [stack: 0x000000ad4bf00000,0x000000ad4c000000] [id=10168]
  0x000001dccd5cb800 ConcurrentGCThread "G1 Conc#0" [stack: 0x000000ad4c000000,0x000000ad4c100000] [id=35248]
  0x000001dc81f9e800 ConcurrentGCThread "G1 Conc#1" [stack: 0x000000ad4e100000,0x000000ad4e200000] [id=13580]
  0x000001dcf2ed7000 ConcurrentGCThread "G1 Conc#2" [stack: 0x000000ad4e200000,0x000000ad4e300000] [id=9928]
  0x000001dcf11de800 ConcurrentGCThread "G1 Refine#0" [stack: 0x000000ad4c100000,0x000000ad4c200000] [id=33608]
  0x000001dcf11df800 ConcurrentGCThread "G1 Young RemSet Sampling" [stack: 0x000000ad4c200000,0x000000ad4c300000] [id=7788]

Threads with active compile tasks:
C2 CompilerThread14945       4       javafx.scene.Node::doUpdatePeer (361 bytes)

VM state:not at safepoint (normal execution)

VM Mutex/Monitor currently owned by a thread: None

Heap address: 0x0000000701000000, size: 4080 MB, Compressed Oops mode: Zero based, Oop shift amount: 3
Narrow klass base: 0x0000000800000000, Narrow klass shift: 0
Compressed class space size: 1073741824 Address: 0x0000000800000000

Heap:
 garbage-first heap   total 262144K, used 45088K [0x0000000701000000, 0x0000000800000000)
  region size 1024K, 44 young (45056K), 7 survivors (7168K)
 Metaspace       used 26401K, capacity 27391K, committed 27440K, reserved 1073152K
  class space    used 3295K, capacity 3684K, committed 3712K, reserved 1048576K
Heap Regions: E=young(eden), S=young(survivor), O=old, HS=humongous(starts), HC=humongous(continues), CS=collection set, F=free, A=archive, TAMS=top-at-mark-start (previous, next)
|   0|0x0000000701000000, 0x0000000701008200, 0x0000000701100000|  3%| O|  |TAMS 0x0000000701008200, 0x0000000701000000| Untracked 
|   1|0x0000000701100000, 0x0000000701200000, 0x0000000701200000|100%|HS|  |TAMS 0x0000000701100000, 0x0000000701100000| Complete 
|   2|0x0000000701200000, 0x0000000701300000, 0x0000000701300000|100%|HC|  |TAMS 0x0000000701200000, 0x0000000701200000| Complete 
|   3|0x0000000701300000, 0x0000000701300000, 0x0000000701400000|  0%| F|  |TAMS 0x0000000701300000, 0x0000000701300000| Untracked 
|   4|0x0000000701400000, 0x0000000701400000, 0x0000000701500000|  0%| F|  |TAMS 0x0000000701400000, 0x0000000701400000| Untracked 
|   5|0x0000000701500000, 0x0000000701500000, 0x0000000701600000|  0%| F|  |TAMS 0x0000000701500000, 0x0000000701500000| Untracked 
|   6|0x0000000701600000, 0x0000000701600000, 0x0000000701700000|  0%| F|  |TAMS 0x0000000701600000, 0x0000000701600000| Untracked 
|   7|0x0000000701700000, 0x0000000701700000, 0x0000000701800000|  0%| F|  |TAMS 0x0000000701700000, 0x0000000701700000| Untracked 
|   8|0x0000000701800000, 0x0000000701800000, 0x0000000701900000|  0%| F|  |TAMS 0x0000000701800000, 0x0000000701800000| Untracked 
|   9|0x0000000701900000, 0x0000000701900000, 0x0000000701a00000|  0%| F|  |TAMS 0x0000000701900000, 0x0000000701900000| Untracked 
|  10|0x0000000701a00000, 0x0000000701a00000, 0x0000000701b00000|  0%| F|  |TAMS 0x0000000701a00000, 0x0000000701a00000| Untracked 
|  11|0x0000000701b00000, 0x0000000701b00000, 0x0000000701c00000|  0%| F|  |TAMS 0x0000000701b00000, 0x0000000701b00000| Untracked 
|  12|0x0000000701c00000, 0x0000000701c00000, 0x0000000701d00000|  0%| F|  |TAMS 0x0000000701c00000, 0x0000000701c00000| Untracked 
|  13|0x0000000701d00000, 0x0000000701d00000, 0x0000000701e00000|  0%| F|  |TAMS 0x0000000701d00000, 0x0000000701d00000| Untracked 
|  14|0x0000000701e00000, 0x0000000701e00000, 0x0000000701f00000|  0%| F|  |TAMS 0x0000000701e00000, 0x0000000701e00000| Untracked 
|  15|0x0000000701f00000, 0x0000000701f00000, 0x0000000702000000|  0%| F|  |TAMS 0x0000000701f00000, 0x0000000701f00000| Untracked 
|  16|0x0000000702000000, 0x0000000702000000, 0x0000000702100000|  0%| F|  |TAMS 0x0000000702000000, 0x0000000702000000| Untracked 
|  17|0x0000000702100000, 0x0000000702100000, 0x0000000702200000|  0%| F|  |TAMS 0x0000000702100000, 0x0000000702100000| Untracked 
|  18|0x0000000702200000, 0x0000000702200000, 0x0000000702300000|  0%| F|  |TAMS 0x0000000702200000, 0x0000000702200000| Untracked 
|  19|0x0000000702300000, 0x0000000702300000, 0x0000000702400000|  0%| F|  |TAMS 0x0000000702300000, 0x0000000702300000| Untracked 
|  20|0x0000000702400000, 0x0000000702400000, 0x0000000702500000|  0%| F|  |TAMS 0x0000000702400000, 0x0000000702400000| Untracked 
|  21|0x0000000702500000, 0x0000000702500000, 0x0000000702600000|  0%| F|  |TAMS 0x0000000702500000, 0x0000000702500000| Untracked 
|  22|0x0000000702600000, 0x0000000702600000, 0x0000000702700000|  0%| F|  |TAMS 0x0000000702600000, 0x0000000702600000| Untracked 
|  23|0x0000000702700000, 0x0000000702700000, 0x0000000702800000|  0%| F|  |TAMS 0x0000000702700000, 0x0000000702700000| Untracked 
|  24|0x0000000702800000, 0x0000000702800000, 0x0000000702900000|  0%| F|  |TAMS 0x0000000702800000, 0x0000000702800000| Untracked 
|  25|0x0000000702900000, 0x0000000702900000, 0x0000000702a00000|  0%| F|  |TAMS 0x0000000702900000, 0x0000000702900000| Untracked 
|  26|0x0000000702a00000, 0x0000000702a00000, 0x0000000702b00000|  0%| F|  |TAMS 0x0000000702a00000, 0x0000000702a00000| Untracked 
|  27|0x0000000702b00000, 0x0000000702b00000, 0x0000000702c00000|  0%| F|  |TAMS 0x0000000702b00000, 0x0000000702b00000| Untracked 
|  28|0x0000000702c00000, 0x0000000702c00000, 0x0000000702d00000|  0%| F|  |TAMS 0x0000000702c00000, 0x0000000702c00000| Untracked 
|  29|0x0000000702d00000, 0x0000000702d00000, 0x0000000702e00000|  0%| F|  |TAMS 0x0000000702d00000, 0x0000000702d00000| Untracked 
|  30|0x0000000702e00000, 0x0000000702e00000, 0x0000000702f00000|  0%| F|  |TAMS 0x0000000702e00000, 0x0000000702e00000| Untracked 
|  31|0x0000000702f00000, 0x0000000702f00000, 0x0000000703000000|  0%| F|  |TAMS 0x0000000702f00000, 0x0000000702f00000| Untracked 
|  32|0x0000000703000000, 0x0000000703000000, 0x0000000703100000|  0%| F|  |TAMS 0x0000000703000000, 0x0000000703000000| Untracked 
|  33|0x0000000703100000, 0x0000000703100000, 0x0000000703200000|  0%| F|  |TAMS 0x0000000703100000, 0x0000000703100000| Untracked 
|  34|0x0000000703200000, 0x0000000703200000, 0x0000000703300000|  0%| F|  |TAMS 0x0000000703200000, 0x0000000703200000| Untracked 
|  35|0x0000000703300000, 0x0000000703300000, 0x0000000703400000|  0%| F|  |TAMS 0x0000000703300000, 0x0000000703300000| Untracked 
|  36|0x0000000703400000, 0x0000000703400000, 0x0000000703500000|  0%| F|  |TAMS 0x0000000703400000, 0x0000000703400000| Untracked 
|  37|0x0000000703500000, 0x0000000703500000, 0x0000000703600000|  0%| F|  |TAMS 0x0000000703500000, 0x0000000703500000| Untracked 
|  38|0x0000000703600000, 0x0000000703600000, 0x0000000703700000|  0%| F|  |TAMS 0x0000000703600000, 0x0000000703600000| Untracked 
|  39|0x0000000703700000, 0x0000000703700000, 0x0000000703800000|  0%| F|  |TAMS 0x0000000703700000, 0x0000000703700000| Untracked 
|  40|0x0000000703800000, 0x0000000703800000, 0x0000000703900000|  0%| F|  |TAMS 0x0000000703800000, 0x0000000703800000| Untracked 
|  41|0x0000000703900000, 0x0000000703900000, 0x0000000703a00000|  0%| F|  |TAMS 0x0000000703900000, 0x0000000703900000| Untracked 
|  42|0x0000000703a00000, 0x0000000703a00000, 0x0000000703b00000|  0%| F|  |TAMS 0x0000000703a00000, 0x0000000703a00000| Untracked 
|  43|0x0000000703b00000, 0x0000000703b00000, 0x0000000703c00000|  0%| F|  |TAMS 0x0000000703b00000, 0x0000000703b00000| Untracked 
|  44|0x0000000703c00000, 0x0000000703c00000, 0x0000000703d00000|  0%| F|  |TAMS 0x0000000703c00000, 0x0000000703c00000| Untracked 
|  45|0x0000000703d00000, 0x0000000703d00000, 0x0000000703e00000|  0%| F|  |TAMS 0x0000000703d00000, 0x0000000703d00000| Untracked 
|  46|0x0000000703e00000, 0x0000000703e00000, 0x0000000703f00000|  0%| F|  |TAMS 0x0000000703e00000, 0x0000000703e00000| Untracked 
|  47|0x0000000703f00000, 0x0000000703f00000, 0x0000000704000000|  0%| F|  |TAMS 0x0000000703f00000, 0x0000000703f00000| Untracked 
|  48|0x0000000704000000, 0x0000000704000000, 0x0000000704100000|  0%| F|  |TAMS 0x0000000704000000, 0x0000000704000000| Untracked 
|  49|0x0000000704100000, 0x0000000704100000, 0x0000000704200000|  0%| F|  |TAMS 0x0000000704100000, 0x0000000704100000| Untracked 
|  50|0x0000000704200000, 0x0000000704200000, 0x0000000704300000|  0%| F|  |TAMS 0x0000000704200000, 0x0000000704200000| Untracked 
|  51|0x0000000704300000, 0x0000000704300000, 0x0000000704400000|  0%| F|  |TAMS 0x0000000704300000, 0x0000000704300000| Untracked 
|  52|0x0000000704400000, 0x0000000704400000, 0x0000000704500000|  0%| F|  |TAMS 0x0000000704400000, 0x0000000704400000| Untracked 
|  53|0x0000000704500000, 0x0000000704500000, 0x0000000704600000|  0%| F|  |TAMS 0x0000000704500000, 0x0000000704500000| Untracked 
|  54|0x0000000704600000, 0x0000000704600000, 0x0000000704700000|  0%| F|  |TAMS 0x0000000704600000, 0x0000000704600000| Untracked 
|  55|0x0000000704700000, 0x0000000704700000, 0x0000000704800000|  0%| F|  |TAMS 0x0000000704700000, 0x0000000704700000| Untracked 
|  56|0x0000000704800000, 0x0000000704800000, 0x0000000704900000|  0%| F|  |TAMS 0x0000000704800000, 0x0000000704800000| Untracked 
|  57|0x0000000704900000, 0x0000000704900000, 0x0000000704a00000|  0%| F|  |TAMS 0x0000000704900000, 0x0000000704900000| Untracked 
|  58|0x0000000704a00000, 0x0000000704a00000, 0x0000000704b00000|  0%| F|  |TAMS 0x0000000704a00000, 0x0000000704a00000| Untracked 
|  59|0x0000000704b00000, 0x0000000704b00000, 0x0000000704c00000|  0%| F|  |TAMS 0x0000000704b00000, 0x0000000704b00000| Untracked 
|  60|0x0000000704c00000, 0x0000000704c00000, 0x0000000704d00000|  0%| F|  |TAMS 0x0000000704c00000, 0x0000000704c00000| Untracked 
|  61|0x0000000704d00000, 0x0000000704d00000, 0x0000000704e00000|  0%| F|  |TAMS 0x0000000704d00000, 0x0000000704d00000| Untracked 
|  62|0x0000000704e00000, 0x0000000704e00000, 0x0000000704f00000|  0%| F|  |TAMS 0x0000000704e00000, 0x0000000704e00000| Untracked 
|  63|0x0000000704f00000, 0x0000000704f00000, 0x0000000705000000|  0%| F|  |TAMS 0x0000000704f00000, 0x0000000704f00000| Untracked 
|  64|0x0000000705000000, 0x0000000705000000, 0x0000000705100000|  0%| F|  |TAMS 0x0000000705000000, 0x0000000705000000| Untracked 
|  65|0x0000000705100000, 0x0000000705100000, 0x0000000705200000|  0%| F|  |TAMS 0x0000000705100000, 0x0000000705100000| Untracked 
|  66|0x0000000705200000, 0x0000000705200000, 0x0000000705300000|  0%| F|  |TAMS 0x0000000705200000, 0x0000000705200000| Untracked 
|  67|0x0000000705300000, 0x0000000705300000, 0x0000000705400000|  0%| F|  |TAMS 0x0000000705300000, 0x0000000705300000| Untracked 
|  68|0x0000000705400000, 0x0000000705400000, 0x0000000705500000|  0%| F|  |TAMS 0x0000000705400000, 0x0000000705400000| Untracked 
|  69|0x0000000705500000, 0x0000000705500000, 0x0000000705600000|  0%| F|  |TAMS 0x0000000705500000, 0x0000000705500000| Untracked 
|  70|0x0000000705600000, 0x0000000705600000, 0x0000000705700000|  0%| F|  |TAMS 0x0000000705600000, 0x0000000705600000| Untracked 
|  71|0x0000000705700000, 0x0000000705700000, 0x0000000705800000|  0%| F|  |TAMS 0x0000000705700000, 0x0000000705700000| Untracked 
|  72|0x0000000705800000, 0x0000000705800000, 0x0000000705900000|  0%| F|  |TAMS 0x0000000705800000, 0x0000000705800000| Untracked 
|  73|0x0000000705900000, 0x0000000705900000, 0x0000000705a00000|  0%| F|  |TAMS 0x0000000705900000, 0x0000000705900000| Untracked 
|  74|0x0000000705a00000, 0x0000000705a00000, 0x0000000705b00000|  0%| F|  |TAMS 0x0000000705a00000, 0x0000000705a00000| Untracked 
|  75|0x0000000705b00000, 0x0000000705b00000, 0x0000000705c00000|  0%| F|  |TAMS 0x0000000705b00000, 0x0000000705b00000| Untracked 
|  76|0x0000000705c00000, 0x0000000705c00000, 0x0000000705d00000|  0%| F|  |TAMS 0x0000000705c00000, 0x0000000705c00000| Untracked 
|  77|0x0000000705d00000, 0x0000000705d00000, 0x0000000705e00000|  0%| F|  |TAMS 0x0000000705d00000, 0x0000000705d00000| Untracked 
|  78|0x0000000705e00000, 0x0000000705e00000, 0x0000000705f00000|  0%| F|  |TAMS 0x0000000705e00000, 0x0000000705e00000| Untracked 
|  79|0x0000000705f00000, 0x0000000705f00000, 0x0000000706000000|  0%| F|  |TAMS 0x0000000705f00000, 0x0000000705f00000| Untracked 
|  80|0x0000000706000000, 0x0000000706000000, 0x0000000706100000|  0%| F|  |TAMS 0x0000000706000000, 0x0000000706000000| Untracked 
|  81|0x0000000706100000, 0x0000000706100000, 0x0000000706200000|  0%| F|  |TAMS 0x0000000706100000, 0x0000000706100000| Untracked 
|  82|0x0000000706200000, 0x0000000706200000, 0x0000000706300000|  0%| F|  |TAMS 0x0000000706200000, 0x0000000706200000| Untracked 
|  83|0x0000000706300000, 0x0000000706300000, 0x0000000706400000|  0%| F|  |TAMS 0x0000000706300000, 0x0000000706300000| Untracked 
|  84|0x0000000706400000, 0x0000000706400000, 0x0000000706500000|  0%| F|  |TAMS 0x0000000706400000, 0x0000000706400000| Untracked 
|  85|0x0000000706500000, 0x0000000706500000, 0x0000000706600000|  0%| F|  |TAMS 0x0000000706500000, 0x0000000706500000| Untracked 
|  86|0x0000000706600000, 0x0000000706600000, 0x0000000706700000|  0%| F|  |TAMS 0x0000000706600000, 0x0000000706600000| Untracked 
|  87|0x0000000706700000, 0x0000000706700000, 0x0000000706800000|  0%| F|  |TAMS 0x0000000706700000, 0x0000000706700000| Untracked 
|  88|0x0000000706800000, 0x0000000706800000, 0x0000000706900000|  0%| F|  |TAMS 0x0000000706800000, 0x0000000706800000| Untracked 
|  89|0x0000000706900000, 0x0000000706900000, 0x0000000706a00000|  0%| F|  |TAMS 0x0000000706900000, 0x0000000706900000| Untracked 
|  90|0x0000000706a00000, 0x0000000706a00000, 0x0000000706b00000|  0%| F|  |TAMS 0x0000000706a00000, 0x0000000706a00000| Untracked 
|  91|0x0000000706b00000, 0x0000000706b00000, 0x0000000706c00000|  0%| F|  |TAMS 0x0000000706b00000, 0x0000000706b00000| Untracked 
|  92|0x0000000706c00000, 0x0000000706c00000, 0x0000000706d00000|  0%| F|  |TAMS 0x0000000706c00000, 0x0000000706c00000| Untracked 
|  93|0x0000000706d00000, 0x0000000706d00000, 0x0000000706e00000|  0%| F|  |TAMS 0x0000000706d00000, 0x0000000706d00000| Untracked 
|  94|0x0000000706e00000, 0x0000000706e00000, 0x0000000706f00000|  0%| F|  |TAMS 0x0000000706e00000, 0x0000000706e00000| Untracked 
|  95|0x0000000706f00000, 0x0000000706f00000, 0x0000000707000000|  0%| F|  |TAMS 0x0000000706f00000, 0x0000000706f00000| Untracked 
|  96|0x0000000707000000, 0x0000000707000000, 0x0000000707100000|  0%| F|  |TAMS 0x0000000707000000, 0x0000000707000000| Untracked 
|  97|0x0000000707100000, 0x0000000707100000, 0x0000000707200000|  0%| F|  |TAMS 0x0000000707100000, 0x0000000707100000| Untracked 
|  98|0x0000000707200000, 0x0000000707200000, 0x0000000707300000|  0%| F|  |TAMS 0x0000000707200000, 0x0000000707200000| Untracked 
|  99|0x0000000707300000, 0x0000000707300000, 0x0000000707400000|  0%| F|  |TAMS 0x0000000707300000, 0x0000000707300000| Untracked 
| 100|0x0000000707400000, 0x0000000707400000, 0x0000000707500000|  0%| F|  |TAMS 0x0000000707400000, 0x0000000707400000| Untracked 
| 101|0x0000000707500000, 0x0000000707500000, 0x0000000707600000|  0%| F|  |TAMS 0x0000000707500000, 0x0000000707500000| Untracked 
| 102|0x0000000707600000, 0x0000000707600000, 0x0000000707700000|  0%| F|  |TAMS 0x0000000707600000, 0x0000000707600000| Untracked 
| 103|0x0000000707700000, 0x0000000707700000, 0x0000000707800000|  0%| F|  |TAMS 0x0000000707700000, 0x0000000707700000| Untracked 
| 104|0x0000000707800000, 0x0000000707800000, 0x0000000707900000|  0%| F|  |TAMS 0x0000000707800000, 0x0000000707800000| Untracked 
| 105|0x0000000707900000, 0x0000000707900000, 0x0000000707a00000|  0%| F|  |TAMS 0x0000000707900000, 0x0000000707900000| Untracked 
| 106|0x0000000707a00000, 0x0000000707a00000, 0x0000000707b00000|  0%| F|  |TAMS 0x0000000707a00000, 0x0000000707a00000| Untracked 
| 107|0x0000000707b00000, 0x0000000707b00000, 0x0000000707c00000|  0%| F|  |TAMS 0x0000000707b00000, 0x0000000707b00000| Untracked 
| 108|0x0000000707c00000, 0x0000000707c00000, 0x0000000707d00000|  0%| F|  |TAMS 0x0000000707c00000, 0x0000000707c00000| Untracked 
| 109|0x0000000707d00000, 0x0000000707d00000, 0x0000000707e00000|  0%| F|  |TAMS 0x0000000707d00000, 0x0000000707d00000| Untracked 
| 110|0x0000000707e00000, 0x0000000707e00000, 0x0000000707f00000|  0%| F|  |TAMS 0x0000000707e00000, 0x0000000707e00000| Untracked 
| 111|0x0000000707f00000, 0x0000000707f00000, 0x0000000708000000|  0%| F|  |TAMS 0x0000000707f00000, 0x0000000707f00000| Untracked 
| 112|0x0000000708000000, 0x0000000708000000, 0x0000000708100000|  0%| F|  |TAMS 0x0000000708000000, 0x0000000708000000| Untracked 
| 113|0x0000000708100000, 0x0000000708100000, 0x0000000708200000|  0%| F|  |TAMS 0x0000000708100000, 0x0000000708100000| Untracked 
| 114|0x0000000708200000, 0x0000000708200000, 0x0000000708300000|  0%| F|  |TAMS 0x0000000708200000, 0x0000000708200000| Untracked 
| 115|0x0000000708300000, 0x0000000708300000, 0x0000000708400000|  0%| F|  |TAMS 0x0000000708300000, 0x0000000708300000| Untracked 
| 116|0x0000000708400000, 0x0000000708400000, 0x0000000708500000|  0%| F|  |TAMS 0x0000000708400000, 0x0000000708400000| Untracked 
| 117|0x0000000708500000, 0x0000000708500000, 0x0000000708600000|  0%| F|  |TAMS 0x0000000708500000, 0x0000000708500000| Untracked 
| 118|0x0000000708600000, 0x0000000708600000, 0x0000000708700000|  0%| F|  |TAMS 0x0000000708600000, 0x0000000708600000| Untracked 
| 119|0x0000000708700000, 0x0000000708700000, 0x0000000708800000|  0%| F|  |TAMS 0x0000000708700000, 0x0000000708700000| Untracked 
| 120|0x0000000708800000, 0x0000000708800000, 0x0000000708900000|  0%| F|  |TAMS 0x0000000708800000, 0x0000000708800000| Untracked 
| 121|0x0000000708900000, 0x0000000708900000, 0x0000000708a00000|  0%| F|  |TAMS 0x0000000708900000, 0x0000000708900000| Untracked 
| 122|0x0000000708a00000, 0x0000000708a00000, 0x0000000708b00000|  0%| F|  |TAMS 0x0000000708a00000, 0x0000000708a00000| Untracked 
| 123|0x0000000708b00000, 0x0000000708b00000, 0x0000000708c00000|  0%| F|  |TAMS 0x0000000708b00000, 0x0000000708b00000| Untracked 
| 124|0x0000000708c00000, 0x0000000708c00000, 0x0000000708d00000|  0%| F|  |TAMS 0x0000000708c00000, 0x0000000708c00000| Untracked 
| 125|0x0000000708d00000, 0x0000000708d00000, 0x0000000708e00000|  0%| F|  |TAMS 0x0000000708d00000, 0x0000000708d00000| Untracked 
| 126|0x0000000708e00000, 0x0000000708e00000, 0x0000000708f00000|  0%| F|  |TAMS 0x0000000708e00000, 0x0000000708e00000| Untracked 
| 127|0x0000000708f00000, 0x0000000708f00000, 0x0000000709000000|  0%| F|  |TAMS 0x0000000708f00000, 0x0000000708f00000| Untracked 
| 128|0x0000000709000000, 0x0000000709000000, 0x0000000709100000|  0%| F|  |TAMS 0x0000000709000000, 0x0000000709000000| Untracked 
| 129|0x0000000709100000, 0x0000000709100000, 0x0000000709200000|  0%| F|  |TAMS 0x0000000709100000, 0x0000000709100000| Untracked 
| 130|0x0000000709200000, 0x0000000709200000, 0x0000000709300000|  0%| F|  |TAMS 0x0000000709200000, 0x0000000709200000| Untracked 
| 131|0x0000000709300000, 0x0000000709300000, 0x0000000709400000|  0%| F|  |TAMS 0x0000000709300000, 0x0000000709300000| Untracked 
| 132|0x0000000709400000, 0x0000000709400000, 0x0000000709500000|  0%| F|  |TAMS 0x0000000709400000, 0x0000000709400000| Untracked 
| 133|0x0000000709500000, 0x0000000709500000, 0x0000000709600000|  0%| F|  |TAMS 0x0000000709500000, 0x0000000709500000| Untracked 
| 134|0x0000000709600000, 0x0000000709600000, 0x0000000709700000|  0%| F|  |TAMS 0x0000000709600000, 0x0000000709600000| Untracked 
| 135|0x0000000709700000, 0x0000000709700000, 0x0000000709800000|  0%| F|  |TAMS 0x0000000709700000, 0x0000000709700000| Untracked 
| 136|0x0000000709800000, 0x0000000709800000, 0x0000000709900000|  0%| F|  |TAMS 0x0000000709800000, 0x0000000709800000| Untracked 
| 137|0x0000000709900000, 0x0000000709900000, 0x0000000709a00000|  0%| F|  |TAMS 0x0000000709900000, 0x0000000709900000| Untracked 
| 138|0x0000000709a00000, 0x0000000709a00000, 0x0000000709b00000|  0%| F|  |TAMS 0x0000000709a00000, 0x0000000709a00000| Untracked 
| 139|0x0000000709b00000, 0x0000000709b00000, 0x0000000709c00000|  0%| F|  |TAMS 0x0000000709b00000, 0x0000000709b00000| Untracked 
| 140|0x0000000709c00000, 0x0000000709c00000, 0x0000000709d00000|  0%| F|  |TAMS 0x0000000709c00000, 0x0000000709c00000| Untracked 
| 141|0x0000000709d00000, 0x0000000709d00000, 0x0000000709e00000|  0%| F|  |TAMS 0x0000000709d00000, 0x0000000709d00000| Untracked 
| 142|0x0000000709e00000, 0x0000000709e00000, 0x0000000709f00000|  0%| F|  |TAMS 0x0000000709e00000, 0x0000000709e00000| Untracked 
| 143|0x0000000709f00000, 0x0000000709f00000, 0x000000070a000000|  0%| F|  |TAMS 0x0000000709f00000, 0x0000000709f00000| Untracked 
| 144|0x000000070a000000, 0x000000070a000000, 0x000000070a100000|  0%| F|  |TAMS 0x000000070a000000, 0x000000070a000000| Untracked 
| 145|0x000000070a100000, 0x000000070a100000, 0x000000070a200000|  0%| F|  |TAMS 0x000000070a100000, 0x000000070a100000| Untracked 
| 146|0x000000070a200000, 0x000000070a200000, 0x000000070a300000|  0%| F|  |TAMS 0x000000070a200000, 0x000000070a200000| Untracked 
| 147|0x000000070a300000, 0x000000070a300000, 0x000000070a400000|  0%| F|  |TAMS 0x000000070a300000, 0x000000070a300000| Untracked 
| 148|0x000000070a400000, 0x000000070a400000, 0x000000070a500000|  0%| F|  |TAMS 0x000000070a400000, 0x000000070a400000| Untracked 
| 149|0x000000070a500000, 0x000000070a500000, 0x000000070a600000|  0%| F|  |TAMS 0x000000070a500000, 0x000000070a500000| Untracked 
| 150|0x000000070a600000, 0x000000070a600000, 0x000000070a700000|  0%| F|  |TAMS 0x000000070a600000, 0x000000070a600000| Untracked 
| 151|0x000000070a700000, 0x000000070a700000, 0x000000070a800000|  0%| F|  |TAMS 0x000000070a700000, 0x000000070a700000| Untracked 
| 152|0x000000070a800000, 0x000000070a800000, 0x000000070a900000|  0%| F|  |TAMS 0x000000070a800000, 0x000000070a800000| Untracked 
| 153|0x000000070a900000, 0x000000070a900000, 0x000000070aa00000|  0%| F|  |TAMS 0x000000070a900000, 0x000000070a900000| Untracked 
| 154|0x000000070aa00000, 0x000000070aa00000, 0x000000070ab00000|  0%| F|  |TAMS 0x000000070aa00000, 0x000000070aa00000| Untracked 
| 155|0x000000070ab00000, 0x000000070ab00000, 0x000000070ac00000|  0%| F|  |TAMS 0x000000070ab00000, 0x000000070ab00000| Untracked 
| 156|0x000000070ac00000, 0x000000070ac00000, 0x000000070ad00000|  0%| F|  |TAMS 0x000000070ac00000, 0x000000070ac00000| Untracked 
| 157|0x000000070ad00000, 0x000000070ad00000, 0x000000070ae00000|  0%| F|  |TAMS 0x000000070ad00000, 0x000000070ad00000| Untracked 
| 158|0x000000070ae00000, 0x000000070ae00000, 0x000000070af00000|  0%| F|  |TAMS 0x000000070ae00000, 0x000000070ae00000| Untracked 
| 159|0x000000070af00000, 0x000000070af00000, 0x000000070b000000|  0%| F|  |TAMS 0x000000070af00000, 0x000000070af00000| Untracked 
| 160|0x000000070b000000, 0x000000070b000000, 0x000000070b100000|  0%| F|  |TAMS 0x000000070b000000, 0x000000070b000000| Untracked 
| 161|0x000000070b100000, 0x000000070b100000, 0x000000070b200000|  0%| F|  |TAMS 0x000000070b100000, 0x000000070b100000| Untracked 
| 162|0x000000070b200000, 0x000000070b200000, 0x000000070b300000|  0%| F|  |TAMS 0x000000070b200000, 0x000000070b200000| Untracked 
| 163|0x000000070b300000, 0x000000070b300000, 0x000000070b400000|  0%| F|  |TAMS 0x000000070b300000, 0x000000070b300000| Untracked 
| 164|0x000000070b400000, 0x000000070b400000, 0x000000070b500000|  0%| F|  |TAMS 0x000000070b400000, 0x000000070b400000| Untracked 
| 165|0x000000070b500000, 0x000000070b500000, 0x000000070b600000|  0%| F|  |TAMS 0x000000070b500000, 0x000000070b500000| Untracked 
| 166|0x000000070b600000, 0x000000070b600000, 0x000000070b700000|  0%| F|  |TAMS 0x000000070b600000, 0x000000070b600000| Untracked 
| 167|0x000000070b700000, 0x000000070b700000, 0x000000070b800000|  0%| F|  |TAMS 0x000000070b700000, 0x000000070b700000| Untracked 
| 168|0x000000070b800000, 0x000000070b800000, 0x000000070b900000|  0%| F|  |TAMS 0x000000070b800000, 0x000000070b800000| Untracked 
| 169|0x000000070b900000, 0x000000070b900000, 0x000000070ba00000|  0%| F|  |TAMS 0x000000070b900000, 0x000000070b900000| Untracked 
| 170|0x000000070ba00000, 0x000000070ba00000, 0x000000070bb00000|  0%| F|  |TAMS 0x000000070ba00000, 0x000000070ba00000| Untracked 
| 171|0x000000070bb00000, 0x000000070bb00000, 0x000000070bc00000|  0%| F|  |TAMS 0x000000070bb00000, 0x000000070bb00000| Untracked 
| 172|0x000000070bc00000, 0x000000070bc00000, 0x000000070bd00000|  0%| F|  |TAMS 0x000000070bc00000, 0x000000070bc00000| Untracked 
| 173|0x000000070bd00000, 0x000000070bd00000, 0x000000070be00000|  0%| F|  |TAMS 0x000000070bd00000, 0x000000070bd00000| Untracked 
| 174|0x000000070be00000, 0x000000070be00000, 0x000000070bf00000|  0%| F|  |TAMS 0x000000070be00000, 0x000000070be00000| Untracked 
| 175|0x000000070bf00000, 0x000000070bf00000, 0x000000070c000000|  0%| F|  |TAMS 0x000000070bf00000, 0x000000070bf00000| Untracked 
| 176|0x000000070c000000, 0x000000070c000000, 0x000000070c100000|  0%| F|  |TAMS 0x000000070c000000, 0x000000070c000000| Untracked 
| 177|0x000000070c100000, 0x000000070c100000, 0x000000070c200000|  0%| F|  |TAMS 0x000000070c100000, 0x000000070c100000| Untracked 
| 178|0x000000070c200000, 0x000000070c200000, 0x000000070c300000|  0%| F|  |TAMS 0x000000070c200000, 0x000000070c200000| Untracked 
| 179|0x000000070c300000, 0x000000070c300000, 0x000000070c400000|  0%| F|  |TAMS 0x000000070c300000, 0x000000070c300000| Untracked 
| 180|0x000000070c400000, 0x000000070c400000, 0x000000070c500000|  0%| F|  |TAMS 0x000000070c400000, 0x000000070c400000| Untracked 
| 181|0x000000070c500000, 0x000000070c500000, 0x000000070c600000|  0%| F|  |TAMS 0x000000070c500000, 0x000000070c500000| Untracked 
| 182|0x000000070c600000, 0x000000070c600000, 0x000000070c700000|  0%| F|  |TAMS 0x000000070c600000, 0x000000070c600000| Untracked 
| 183|0x000000070c700000, 0x000000070c700000, 0x000000070c800000|  0%| F|  |TAMS 0x000000070c700000, 0x000000070c700000| Untracked 
| 184|0x000000070c800000, 0x000000070c800000, 0x000000070c900000|  0%| F|  |TAMS 0x000000070c800000, 0x000000070c800000| Untracked 
| 185|0x000000070c900000, 0x000000070c900000, 0x000000070ca00000|  0%| F|  |TAMS 0x000000070c900000, 0x000000070c900000| Untracked 
| 186|0x000000070ca00000, 0x000000070ca00000, 0x000000070cb00000|  0%| F|  |TAMS 0x000000070ca00000, 0x000000070ca00000| Untracked 
| 187|0x000000070cb00000, 0x000000070cb00000, 0x000000070cc00000|  0%| F|  |TAMS 0x000000070cb00000, 0x000000070cb00000| Untracked 
| 188|0x000000070cc00000, 0x000000070cc00000, 0x000000070cd00000|  0%| F|  |TAMS 0x000000070cc00000, 0x000000070cc00000| Untracked 
| 189|0x000000070cd00000, 0x000000070cd00000, 0x000000070ce00000|  0%| F|  |TAMS 0x000000070cd00000, 0x000000070cd00000| Untracked 
| 190|0x000000070ce00000, 0x000000070ce00000, 0x000000070cf00000|  0%| F|  |TAMS 0x000000070ce00000, 0x000000070ce00000| Untracked 
| 191|0x000000070cf00000, 0x000000070cf00000, 0x000000070d000000|  0%| F|  |TAMS 0x000000070cf00000, 0x000000070cf00000| Untracked 
| 192|0x000000070d000000, 0x000000070d000000, 0x000000070d100000|  0%| F|  |TAMS 0x000000070d000000, 0x000000070d000000| Untracked 
| 193|0x000000070d100000, 0x000000070d100000, 0x000000070d200000|  0%| F|  |TAMS 0x000000070d100000, 0x000000070d100000| Untracked 
| 194|0x000000070d200000, 0x000000070d200000, 0x000000070d300000|  0%| F|  |TAMS 0x000000070d200000, 0x000000070d200000| Untracked 
| 195|0x000000070d300000, 0x000000070d300000, 0x000000070d400000|  0%| F|  |TAMS 0x000000070d300000, 0x000000070d300000| Untracked 
| 196|0x000000070d400000, 0x000000070d400000, 0x000000070d500000|  0%| F|  |TAMS 0x000000070d400000, 0x000000070d400000| Untracked 
| 197|0x000000070d500000, 0x000000070d500000, 0x000000070d600000|  0%| F|  |TAMS 0x000000070d500000, 0x000000070d500000| Untracked 
| 198|0x000000070d600000, 0x000000070d600000, 0x000000070d700000|  0%| F|  |TAMS 0x000000070d600000, 0x000000070d600000| Untracked 
| 199|0x000000070d700000, 0x000000070d700000, 0x000000070d800000|  0%| F|  |TAMS 0x000000070d700000, 0x000000070d700000| Untracked 
| 200|0x000000070d800000, 0x000000070d800000, 0x000000070d900000|  0%| F|  |TAMS 0x000000070d800000, 0x000000070d800000| Untracked 
| 201|0x000000070d900000, 0x000000070d900000, 0x000000070da00000|  0%| F|  |TAMS 0x000000070d900000, 0x000000070d900000| Untracked 
| 202|0x000000070da00000, 0x000000070da00000, 0x000000070db00000|  0%| F|  |TAMS 0x000000070da00000, 0x000000070da00000| Untracked 
| 203|0x000000070db00000, 0x000000070db00000, 0x000000070dc00000|  0%| F|  |TAMS 0x000000070db00000, 0x000000070db00000| Untracked 
| 204|0x000000070dc00000, 0x000000070dc00000, 0x000000070dd00000|  0%| F|  |TAMS 0x000000070dc00000, 0x000000070dc00000| Untracked 
| 205|0x000000070dd00000, 0x000000070dd00000, 0x000000070de00000|  0%| F|  |TAMS 0x000000070dd00000, 0x000000070dd00000| Untracked 
| 206|0x000000070de00000, 0x000000070de00000, 0x000000070df00000|  0%| F|  |TAMS 0x000000070de00000, 0x000000070de00000| Untracked 
| 207|0x000000070df00000, 0x000000070df00000, 0x000000070e000000|  0%| F|  |TAMS 0x000000070df00000, 0x000000070df00000| Untracked 
| 208|0x000000070e000000, 0x000000070e000000, 0x000000070e100000|  0%| F|  |TAMS 0x000000070e000000, 0x000000070e000000| Untracked 
| 209|0x000000070e100000, 0x000000070e100000, 0x000000070e200000|  0%| F|  |TAMS 0x000000070e100000, 0x000000070e100000| Untracked 
| 210|0x000000070e200000, 0x000000070e200000, 0x000000070e300000|  0%| F|  |TAMS 0x000000070e200000, 0x000000070e200000| Untracked 
| 211|0x000000070e300000, 0x000000070e300000, 0x000000070e400000|  0%| F|  |TAMS 0x000000070e300000, 0x000000070e300000| Untracked 
| 212|0x000000070e400000, 0x000000070e500000, 0x000000070e500000|100%| E|  |TAMS 0x000000070e400000, 0x000000070e400000| Complete 
| 213|0x000000070e500000, 0x000000070e600000, 0x000000070e600000|100%| E|CS|TAMS 0x000000070e500000, 0x000000070e500000| Complete 
| 214|0x000000070e600000, 0x000000070e700000, 0x000000070e700000|100%| S|CS|TAMS 0x000000070e600000, 0x000000070e600000| Complete 
| 215|0x000000070e700000, 0x000000070e800000, 0x000000070e800000|100%| S|CS|TAMS 0x000000070e700000, 0x000000070e700000| Complete 
| 216|0x000000070e800000, 0x000000070e900000, 0x000000070e900000|100%| S|CS|TAMS 0x000000070e800000, 0x000000070e800000| Complete 
| 217|0x000000070e900000, 0x000000070ea00000, 0x000000070ea00000|100%| S|CS|TAMS 0x000000070e900000, 0x000000070e900000| Complete 
| 218|0x000000070ea00000, 0x000000070eb00000, 0x000000070eb00000|100%| S|CS|TAMS 0x000000070ea00000, 0x000000070ea00000| Complete 
| 219|0x000000070eb00000, 0x000000070ec00000, 0x000000070ec00000|100%| S|CS|TAMS 0x000000070eb00000, 0x000000070eb00000| Complete 
| 220|0x000000070ec00000, 0x000000070ed00000, 0x000000070ed00000|100%| S|CS|TAMS 0x000000070ec00000, 0x000000070ec00000| Complete 
| 221|0x000000070ed00000, 0x000000070ee00000, 0x000000070ee00000|100%| E|CS|TAMS 0x000000070ed00000, 0x000000070ed00000| Complete 
| 222|0x000000070ee00000, 0x000000070ef00000, 0x000000070ef00000|100%| E|CS|TAMS 0x000000070ee00000, 0x000000070ee00000| Complete 
| 223|0x000000070ef00000, 0x000000070f000000, 0x000000070f000000|100%| E|CS|TAMS 0x000000070ef00000, 0x000000070ef00000| Complete 
| 224|0x000000070f000000, 0x000000070f100000, 0x000000070f100000|100%| E|CS|TAMS 0x000000070f000000, 0x000000070f000000| Complete 
| 225|0x000000070f100000, 0x000000070f200000, 0x000000070f200000|100%| E|CS|TAMS 0x000000070f100000, 0x000000070f100000| Complete 
| 226|0x000000070f200000, 0x000000070f300000, 0x000000070f300000|100%| E|CS|TAMS 0x000000070f200000, 0x000000070f200000| Complete 
| 227|0x000000070f300000, 0x000000070f400000, 0x000000070f400000|100%| E|CS|TAMS 0x000000070f300000, 0x000000070f300000| Complete 
| 228|0x000000070f400000, 0x000000070f500000, 0x000000070f500000|100%| E|CS|TAMS 0x000000070f400000, 0x000000070f400000| Complete 
| 229|0x000000070f500000, 0x000000070f600000, 0x000000070f600000|100%| E|CS|TAMS 0x000000070f500000, 0x000000070f500000| Complete 
| 230|0x000000070f600000, 0x000000070f700000, 0x000000070f700000|100%| E|CS|TAMS 0x000000070f600000, 0x000000070f600000| Complete 
| 231|0x000000070f700000, 0x000000070f800000, 0x000000070f800000|100%| E|CS|TAMS 0x000000070f700000, 0x000000070f700000| Complete 
| 232|0x000000070f800000, 0x000000070f900000, 0x000000070f900000|100%| E|CS|TAMS 0x000000070f800000, 0x000000070f800000| Complete 
| 233|0x000000070f900000, 0x000000070fa00000, 0x000000070fa00000|100%| E|CS|TAMS 0x000000070f900000, 0x000000070f900000| Complete 
| 234|0x000000070fa00000, 0x000000070fb00000, 0x000000070fb00000|100%| E|CS|TAMS 0x000000070fa00000, 0x000000070fa00000| Complete 
| 235|0x000000070fb00000, 0x000000070fc00000, 0x000000070fc00000|100%| E|CS|TAMS 0x000000070fb00000, 0x000000070fb00000| Complete 
| 236|0x000000070fc00000, 0x000000070fd00000, 0x000000070fd00000|100%| E|CS|TAMS 0x000000070fc00000, 0x000000070fc00000| Complete 
| 237|0x000000070fd00000, 0x000000070fe00000, 0x000000070fe00000|100%| E|CS|TAMS 0x000000070fd00000, 0x000000070fd00000| Complete 
| 238|0x000000070fe00000, 0x000000070ff00000, 0x000000070ff00000|100%| E|CS|TAMS 0x000000070fe00000, 0x000000070fe00000| Complete 
| 239|0x000000070ff00000, 0x0000000710000000, 0x0000000710000000|100%| E|CS|TAMS 0x000000070ff00000, 0x000000070ff00000| Complete 
| 240|0x0000000710000000, 0x0000000710100000, 0x0000000710100000|100%| E|CS|TAMS 0x0000000710000000, 0x0000000710000000| Complete 
| 241|0x0000000710100000, 0x0000000710200000, 0x0000000710200000|100%| E|CS|TAMS 0x0000000710100000, 0x0000000710100000| Complete 
| 242|0x0000000710200000, 0x0000000710300000, 0x0000000710300000|100%| E|CS|TAMS 0x0000000710200000, 0x0000000710200000| Complete 
| 243|0x0000000710300000, 0x0000000710400000, 0x0000000710400000|100%| E|CS|TAMS 0x0000000710300000, 0x0000000710300000| Complete 
| 244|0x0000000710400000, 0x0000000710500000, 0x0000000710500000|100%| E|CS|TAMS 0x0000000710400000, 0x0000000710400000| Complete 
| 245|0x0000000710500000, 0x0000000710600000, 0x0000000710600000|100%| E|CS|TAMS 0x0000000710500000, 0x0000000710500000| Complete 
| 246|0x0000000710600000, 0x0000000710700000, 0x0000000710700000|100%| E|CS|TAMS 0x0000000710600000, 0x0000000710600000| Complete 
| 247|0x0000000710700000, 0x0000000710800000, 0x0000000710800000|100%| E|CS|TAMS 0x0000000710700000, 0x0000000710700000| Complete 
| 248|0x0000000710800000, 0x0000000710900000, 0x0000000710900000|100%| E|CS|TAMS 0x0000000710800000, 0x0000000710800000| Complete 
| 249|0x0000000710900000, 0x0000000710a00000, 0x0000000710a00000|100%| E|CS|TAMS 0x0000000710900000, 0x0000000710900000| Complete 
| 250|0x0000000710a00000, 0x0000000710b00000, 0x0000000710b00000|100%| E|CS|TAMS 0x0000000710a00000, 0x0000000710a00000| Complete 
| 251|0x0000000710b00000, 0x0000000710c00000, 0x0000000710c00000|100%| E|CS|TAMS 0x0000000710b00000, 0x0000000710b00000| Complete 
| 252|0x0000000710c00000, 0x0000000710d00000, 0x0000000710d00000|100%| E|CS|TAMS 0x0000000710c00000, 0x0000000710c00000| Complete 
| 253|0x0000000710d00000, 0x0000000710e00000, 0x0000000710e00000|100%| E|  |TAMS 0x0000000710d00000, 0x0000000710d00000| Complete 
| 254|0x0000000710e00000, 0x0000000710f00000, 0x0000000710f00000|100%| E|CS|TAMS 0x0000000710e00000, 0x0000000710e00000| Complete 
| 255|0x0000000710f00000, 0x0000000711000000, 0x0000000711000000|100%| E|CS|TAMS 0x0000000710f00000, 0x0000000710f00000| Complete 

Card table byte_map: [0x000001dce55d0000,0x000001dce5dd0000] _byte_map_base: 0x000001dce1dc8000

Marking Bits (Prev, Next): (CMBitMap*) 0x000001dccd5b98e0, (CMBitMap*) 0x000001dccd5b98a8
 Prev Bits: [0x000001dcea590000, 0x000001dcee550000)
 Next Bits: [0x000001dce65d0000, 0x000001dcea590000)

Polling page: 0x000001dccb3d0000

Metaspace:

Usage:
  Non-class:     23.15 MB capacity,    22.56 MB ( 97%) used,   495.75 KB (  2%) free+waste,   105.06 KB ( <1%) overhead. 
      Class:      3.60 MB capacity,     3.22 MB ( 89%) used,   335.63 KB (  9%) free+waste,    52.69 KB (  1%) overhead. 
       Both:     26.75 MB capacity,    25.78 MB ( 96%) used,   831.38 KB (  3%) free+waste,   157.75 KB ( <1%) overhead. 

Virtual space:
  Non-class space:       24.00 MB reserved,      23.17 MB ( 97%) committed 
      Class space:        1.00 GB reserved,       3.63 MB ( <1%) committed 
             Both:        1.02 GB reserved,      26.80 MB (  3%) committed 

Chunk freelists:
   Non-Class:  2.63 KB
       Class:  3.50 KB
        Both:  6.13 KB

CodeHeap 'non-profiled nmethods': size=120000Kb used=3222Kb max_used=3222Kb free=116778Kb
 bounds [0x000001dcdd350000, 0x000001dcdd680000, 0x000001dce4880000]
CodeHeap 'profiled nmethods': size=120000Kb used=10665Kb max_used=10665Kb free=109334Kb
 bounds [0x000001dcd5e20000, 0x000001dcd6890000, 0x000001dcdd350000]
CodeHeap 'non-nmethods': size=5760Kb used=1375Kb max_used=1412Kb free=4385Kb
 bounds [0x000001dcd5880000, 0x000001dcd5af0000, 0x000001dcd5e20000]
 total_blobs=7017 nmethods=4961 adapters=714
 compilation: enabled
              stopped_count=0, restarted_count=0
 full_count=0

Compilation events (10 events):
Event: 47.961 Thread 0x000001dcf26ad800 nmethod 4942 0x000001dcdd673310 code [0x000001dcdd6734a0, 0x000001dcdd673638]
Event: 47.961 Thread 0x000001dcf1c18000 4944       4       javafx.scene.Node::syncPeer (43 bytes)
Event: 47.961 Thread 0x000001dcf26ad800 4945       4       javafx.scene.Node::doUpdatePeer (361 bytes)
Event: 47.963 Thread 0x000001dcf1c18000 nmethod 4944 0x000001dcdd673710 code [0x000001dcdd6738c0, 0x000001dcdd6739d8]
Event: 48.018 Thread 0x000001dcf1c18000 4946       4       java.util.concurrent.locks.ReentrantLock$Sync::isHeldExclusively (16 bytes)
Event: 48.019 Thread 0x000001dcf1c18000 nmethod 4946 0x000001dcdd673b10 code [0x000001dcdd673ca0, 0x000001dcdd673d18]
Event: 48.021 Thread 0x000001dcf1c18000 4947       4       com.sun.javafx.geom.RectBounds::unionWith (82 bytes)
Event: 48.025 Thread 0x000001dcf1c18000 nmethod 4947 0x000001dcdd673d90 code [0x000001dcdd673f60, 0x000001dcdd6743d8]
Event: 48.037 Thread 0x000001dcf1c18000 4948       4       com.sun.javafx.geom.RectBounds::deriveWithUnion (64 bytes)
Event: 48.041 Thread 0x000001dcf1c18000 nmethod 4948 0x000001dcdd674610 code [0x000001dcdd674800, 0x000001dcdd674cb8]

GC Heap History (4 events):
Event: 1.293 GC heap before
{Heap before GC invocations=0 (full 0):
 garbage-first heap   total 262144K, used 23552K [0x0000000701000000, 0x0000000800000000)
  region size 1024K, 24 young (24576K), 0 survivors (0K)
 Metaspace       used 12462K, capacity 12831K, committed 13056K, reserved 1060864K
  class space    used 1334K, capacity 1480K, committed 1536K, reserved 1048576K
}
Event: 1.299 GC heap after
{Heap after GC invocations=1 (full 0):
 garbage-first heap   total 262144K, used 3104K [0x0000000701000000, 0x0000000800000000)
  region size 1024K, 3 young (3072K), 3 survivors (3072K)
 Metaspace       used 12462K, capacity 12831K, committed 13056K, reserved 1060864K
  class space    used 1334K, capacity 1480K, committed 1536K, reserved 1048576K
}
Event: 2.755 GC heap before
{Heap before GC invocations=1 (full 0):
 garbage-first heap   total 262144K, used 51232K [0x0000000701000000, 0x0000000800000000)
  region size 1024K, 35 young (35840K), 3 survivors (3072K)
 Metaspace       used 20512K, capacity 21178K, committed 21296K, reserved 1067008K
  class space    used 2595K, capacity 2896K, committed 2944K, reserved 1048576K
}
Event: 2.763 GC heap after
{Heap after GC invocations=2 (full 0):
 garbage-first heap   total 262144K, used 7200K [0x0000000701000000, 0x0000000800000000)
  region size 1024K, 7 young (7168K), 7 survivors (7168K)
 Metaspace       used 20512K, capacity 21178K, committed 21296K, reserved 1067008K
  class space    used 2595K, capacity 2896K, committed 2944K, reserved 1048576K
}

Deoptimization events (10 events):
Event: 11.163 Thread 0x000001dcf261e800 Uncommon trap: reason=profile_predicate action=maybe_recompile pc=0x000001dcdd612e58 method=com.sun.prism.impl.ps.PaintHelper.setMultiGradient(Lcom/sun/prism/ps/Shader;Lcom/sun/prism/paint/Gradient;)V @ 24 c2
Event: 11.163 Thread 0x000001dcf261e800 Uncommon trap: reason=profile_predicate action=maybe_recompile pc=0x000001dcdd612e58 method=com.sun.prism.impl.ps.PaintHelper.setMultiGradient(Lcom/sun/prism/ps/Shader;Lcom/sun/prism/paint/Gradient;)V @ 24 c2
Event: 11.163 Thread 0x000001dcf261e800 Uncommon trap: reason=profile_predicate action=maybe_recompile pc=0x000001dcdd612e58 method=com.sun.prism.impl.ps.PaintHelper.setMultiGradient(Lcom/sun/prism/ps/Shader;Lcom/sun/prism/paint/Gradient;)V @ 24 c2
Event: 11.714 Thread 0x000001dcf2416800 Uncommon trap: reason=unstable_if action=reinterpret pc=0x000001dcdd62c82c method=javafx.scene.Node.intersectsBounds(Lcom/sun/javafx/geom/PickRay;)D @ 902 c2
Event: 46.548 Thread 0x000001dcf2416800 Uncommon trap: reason=bimorphic_or_optimized_type_check action=maybe_recompile pc=0x000001dcdd6314f0 method=javafx.scene.Node.updateBounds()V @ 10 c2
Event: 46.562 Thread 0x000001dcf2416800 Uncommon trap: reason=bimorphic_or_optimized_type_check action=maybe_recompile pc=0x000001dcdd6314f0 method=javafx.scene.Node.updateBounds()V @ 10 c2
Event: 46.580 Thread 0x000001dcf2416800 Uncommon trap: reason=bimorphic_or_optimized_type_check action=maybe_recompile pc=0x000001dcdd6314f0 method=javafx.scene.Node.updateBounds()V @ 10 c2
Event: 46.594 Thread 0x000001dcf2416800 Uncommon trap: reason=bimorphic_or_optimized_type_check action=maybe_recompile pc=0x000001dcdd6314f0 method=javafx.scene.Node.updateBounds()V @ 10 c2
Event: 47.584 Thread 0x000001dcf261e800 Uncommon trap: reason=unstable_if action=reinterpret pc=0x000001dcdd61f6fc method=com.sun.marlin.DRenderer._endRendering(IILcom/sun/marlin/MarlinAlphaConsumer;)V @ 1978 c2
Event: 47.634 Thread 0x000001dcf2416800 Uncommon trap: reason=bimorphic_or_optimized_type_check action=maybe_recompile pc=0x000001dcdd639ca0 method=com.sun.javafx.event.CompositeEventHandler.dispatchBubblingEvent(Ljavafx/event/Event;)V @ 51 c2

Classes redefined (0 events):
No events

Internal exceptions (10 events):
Event: 2.133 Thread 0x000001dcf2416800 Exception <a 'java/lang/IncompatibleClassChangeError'{0x000000070f809f78}: Found class java.lang.Object, but interface was expected> (0x000000070f809f78) thrown at [t:/workspace/open/src/hotspot/share/interpreter/linkResolver.cpp, line 856]
Event: 2.163 Thread 0x000001dcf2416800 Exception <a 'java/lang/NoSuchMethodError'{0x000000070f436ac8}: java.lang.invoke.DirectMethodHandle$Holder.invokeSpecial(Ljava/lang/Object;Ljava/lang/Object;Ljava/lang/Object;Ljava/lang/Object;Ljava/lang/Object;Ljava/lang/Object;)V> (0x000000070f436ac8) t
Event: 2.784 Thread 0x000001dcf261e800 Exception <a 'java/lang/NoSuchMethodError'{0x0000000710e199f0}: java.lang.invoke.DirectMethodHandle$Holder.invokeStaticInit(Ljava/lang/Object;Ljava/lang/Object;)I> (0x0000000710e199f0) thrown at [t:/workspace/open/src/hotspot/share/interpreter/linkResolve
Event: 2.790 Thread 0x000001dcf2416800 Exception <a 'java/lang/NoSuchMethodError'{0x0000000710ea9300}: java.lang.invoke.DirectMethodHandle$Holder.invokeStaticInit(Ljava/lang/Object;Ljava/lang/Object;Ljava/lang/Object;)J> (0x0000000710ea9300) thrown at [t:/workspace/open/src/hotspot/share/inter
Event: 2.793 Thread 0x000001dcf2416800 Exception <a 'java/lang/NoSuchMethodError'{0x0000000710ec1940}: java.lang.invoke.DirectMethodHandle$Holder.invokeStatic(Ljava/lang/Object;Ljava/lang/Object;J)Ljava/lang/Object;> (0x0000000710ec1940) thrown at [t:/workspace/open/src/hotspot/share/interpret
Event: 2.794 Thread 0x000001dcf2416800 Exception <a 'java/lang/NoSuchMethodError'{0x0000000710ec7ab8}: java.lang.invoke.Invokers$Holder.linkToTargetMethod(Ljava/lang/Object;JLjava/lang/Object;)Ljava/lang/Object;> (0x0000000710ec7ab8) thrown at [t:/workspace/open/src/hotspot/share/interpreter/l
Event: 2.835 Thread 0x000001dcf261e800 Exception <a 'java/lang/NoSuchMethodError'{0x0000000710dc4c20}: java.lang.invoke.DirectMethodHandle$Holder.invokeStaticInit(Ljava/lang/Object;I)Ljava/lang/Object;> (0x0000000710dc4c20) thrown at [t:/workspace/open/src/hotspot/share/interpreter/linkResolve
Event: 8.526 Thread 0x000001dcf2416800 Exception <a 'java/lang/NoSuchMethodError'{0x00000007102eee90}: java.lang.invoke.DirectMethodHandle$Holder.invokeStatic(Ljava/lang/Object;Ljava/lang/Object;Ljava/lang/Object;Ljava/lang/Object;Ljava/lang/Object;Ljava/lang/Object;Ljava/lang/Object;Ljava/lan
Event: 8.527 Thread 0x000001dcf2416800 Exception <a 'java/lang/NoSuchMethodError'{0x00000007102fb5d0}: java.lang.invoke.DirectMethodHandle$Holder.invokeStatic(Ljava/lang/Object;Ljava/lang/Object;Ljava/lang/Object;Ljava/lang/Object;Ljava/lang/Object;Ljava/lang/Object;Ljava/lang/Object;Ljava/lan
Event: 8.528 Thread 0x000001dcf2416800 Exception <a 'java/lang/NoSuchMethodError'{0x0000000710108590}: java.lang.invoke.DirectMethodHandle$Holder.invokeStatic(Ljava/lang/Object;Ljava/lang/Object;Ljava/lang/Object;Ljava/lang/Object;Ljava/lang/Object;Ljava/lang/Object;Ljava/lang/Object;Ljava/lan

Events (10 events):
Event: 47.634 Thread 0x000001dcf2416800 DEOPT UNPACKING pc=0x000001dcd58a91af sp=0x000000ad4d3fb5b0 mode 2
Event: 47.634 Thread 0x000001dcf261e800 DEOPT PACKING pc=0x000001dcd6801eaf sp=0x000000ad4cdfce70
Event: 47.634 Thread 0x000001dcf261e800 DEOPT UNPACKING pc=0x000001dcd58a8fce sp=0x000000ad4cdfc268 mode 0
Event: 47.635 Thread 0x000001dcf261e800 DEOPT PACKING pc=0x000001dcd6801eaf sp=0x000000ad4cdfce70
Event: 47.635 Thread 0x000001dcf261e800 DEOPT UNPACKING pc=0x000001dcd58a8fce sp=0x000000ad4cdfc268 mode 0
Event: 47.636 Thread 0x000001dcf261e800 DEOPT PACKING pc=0x000001dcd672f50e sp=0x000000ad4cdfcb30
Event: 47.636 Thread 0x000001dcf261e800 DEOPT UNPACKING pc=0x000001dcd58a8fce sp=0x000000ad4cdfc268 mode 0
Event: 47.636 Thread 0x000001dcf261e800 DEOPT PACKING pc=0x000001dcd671ac60 sp=0x000000ad4cdfcb10
Event: 47.636 Thread 0x000001dcf261e800 DEOPT UNPACKING pc=0x000001dcd58a8fce sp=0x000000ad4cdfc268 mode 0
Event: 47.720 Thread 0x000001dcf26ad800 Thread added: 0x000001dcf26ad800


Dynamic libraries:
0x00007ff6e0f60000 - 0x00007ff6e0fa7000 	C:\Program Files\Java\jdk-11.0.1\bin\java.exe
0x00007fff53b80000 - 0x00007fff53d61000 	C:\Windows\SYSTEM32\ntdll.dll
0x00007fff52110000 - 0x00007fff521c2000 	C:\Windows\System32\KERNEL32.DLL
0x00007fff509a0000 - 0x00007fff50c13000 	C:\Windows\System32\KERNELBASE.dll
0x00007fff515b0000 - 0x00007fff51651000 	C:\Windows\System32\ADVAPI32.dll
0x00007fff51b90000 - 0x00007fff51c2e000 	C:\Windows\System32\msvcrt.dll
0x00007fff53970000 - 0x00007fff539cb000 	C:\Windows\System32\sechost.dll
0x00007fff51120000 - 0x00007fff51244000 	C:\Windows\System32\RPCRT4.dll
0x00007fff51df0000 - 0x00007fff51f80000 	C:\Windows\System32\USER32.dll
0x00007fff50f40000 - 0x00007fff50f60000 	C:\Windows\System32\win32u.dll
0x00007fff53610000 - 0x00007fff53638000 	C:\Windows\System32\GDI32.dll
0x00007fff50d20000 - 0x00007fff50eb2000 	C:\Windows\System32\gdi32full.dll
0x00007fff4ff50000 - 0x00007fff4ffef000 	C:\Windows\System32\msvcp_win.dll
0x00007fff50c20000 - 0x00007fff50d1a000 	C:\Windows\System32\ucrtbase.dll
0x00007fff454c0000 - 0x00007fff45729000 	C:\Windows\WinSxS\amd64_microsoft.windows.common-controls_6595b64144ccf1df_6.0.17134.471_none_fb3e9aab3068fc16\COMCTL32.dll
0x00007fff53640000 - 0x00007fff53962000 	C:\Windows\System32\combase.dll
0x00007fff4c030000 - 0x00007fff4c03a000 	C:\Windows\SYSTEM32\VERSION.dll
0x00007fff50ec0000 - 0x00007fff50f3a000 	C:\Windows\System32\bcryptPrimitives.dll
0x00007fff51b60000 - 0x00007fff51b8d000 	C:\Windows\System32\IMM32.DLL
0x00007fff43400000 - 0x00007fff43416000 	C:\Program Files\Java\jdk-11.0.1\bin\vcruntime140.dll
0x00007fff390b0000 - 0x00007fff3915a000 	C:\Program Files\Java\jdk-11.0.1\bin\msvcp140.dll
0x00007fff0dea0000 - 0x00007fff0e9e2000 	C:\Program Files\Java\jdk-11.0.1\bin\server\jvm.dll
0x00007fff514d0000 - 0x00007fff514d8000 	C:\Windows\System32\PSAPI.DLL
0x00007fff233f0000 - 0x00007fff233f9000 	C:\Windows\SYSTEM32\WSOCK32.dll
0x00007fff4e0f0000 - 0x00007fff4e113000 	C:\Windows\SYSTEM32\WINMM.dll
0x00007fff514e0000 - 0x00007fff5154c000 	C:\Windows\System32\WS2_32.dll
0x00007fff4dfd0000 - 0x00007fff4dffa000 	C:\Windows\SYSTEM32\WINMMBASE.dll
0x00007fff50760000 - 0x00007fff507a9000 	C:\Windows\System32\cfgmgr32.dll
0x00007fff4ff30000 - 0x00007fff4ff41000 	C:\Windows\System32\kernel.appcore.dll
0x00007fff433e0000 - 0x00007fff433f1000 	C:\Program Files\Java\jdk-11.0.1\bin\verify.dll
0x00007fff3b670000 - 0x00007fff3b839000 	C:\Windows\SYSTEM32\DBGHELP.DLL
0x00007fff3b270000 - 0x00007fff3b299000 	C:\Windows\SYSTEM32\dbgcore.DLL
0x00007fff433b0000 - 0x00007fff433d9000 	C:\Program Files\Java\jdk-11.0.1\bin\java.dll
0x00007fff3b320000 - 0x00007fff3b34f000 	C:\Program Files\Java\jdk-11.0.1\bin\instrument.dll
0x00007fff43390000 - 0x00007fff433a6000 	C:\Program Files\Java\jdk-11.0.1\bin\zip.dll
0x00007fff432d0000 - 0x00007fff432da000 	C:\Program Files\Java\jdk-11.0.1\bin\jimage.dll
0x00007fff521d0000 - 0x00007fff53610000 	C:\Windows\System32\SHELL32.dll
0x00007fff51ab0000 - 0x00007fff51b59000 	C:\Windows\System32\shcore.dll
0x00007fff50050000 - 0x00007fff5075d000 	C:\Windows\System32\windows.storage.dll
0x00007fff51550000 - 0x00007fff515a1000 	C:\Windows\System32\shlwapi.dll
0x00007fff4fe90000 - 0x00007fff4feaf000 	C:\Windows\System32\profapi.dll
0x00007fff4fed0000 - 0x00007fff4ff1c000 	C:\Windows\System32\powrprof.dll
0x00007fff4ff20000 - 0x00007fff4ff2a000 	C:\Windows\System32\FLTLIB.DLL
0x00007fff431c0000 - 0x00007fff431d9000 	C:\Program Files\Java\jdk-11.0.1\bin\net.dll
0x00007fff4aba0000 - 0x00007fff4ac7d000 	C:\Windows\SYSTEM32\WINHTTP.dll
0x00007fff4f710000 - 0x00007fff4f776000 	C:\Windows\system32\mswsock.dll
0x00007fff43180000 - 0x00007fff43193000 	C:\Program Files\Java\jdk-11.0.1\bin\nio.dll
0x00007fff426e0000 - 0x00007fff426fa000 	C:\Program Files\JetBrains\IntelliJ IDEA 2018.2.5\bin\breakgen64.dll
0x000001dccd4c0000 - 0x000001dccd4c3000 	C:\Program Files\Java\jdk-11.0.1\bin\api-ms-win-core-console-l1-1-0.dll
0x000001dccd4d0000 - 0x000001dccd4d3000 	C:\Program Files\Java\jdk-11.0.1\bin\api-ms-win-core-datetime-l1-1-0.dll
0x000001dccd4e0000 - 0x000001dccd4e3000 	C:\Program Files\Java\jdk-11.0.1\bin\api-ms-win-core-debug-l1-1-0.dll
0x000001dccd4f0000 - 0x000001dccd4f3000 	C:\Program Files\Java\jdk-11.0.1\bin\api-ms-win-core-errorhandling-l1-1-0.dll
0x000001dccd500000 - 0x000001dccd504000 	C:\Program Files\Java\jdk-11.0.1\bin\api-ms-win-core-file-l1-1-0.dll
0x000001dccd510000 - 0x000001dccd513000 	C:\Program Files\Java\jdk-11.0.1\bin\api-ms-win-core-file-l1-2-0.dll
0x000001dccd520000 - 0x000001dccd523000 	C:\Program Files\Java\jdk-11.0.1\bin\api-ms-win-core-file-l2-1-0.dll
0x000001dcf36e0000 - 0x000001dcf36e3000 	C:\Program Files\Java\jdk-11.0.1\bin\api-ms-win-core-handle-l1-1-0.dll
0x000001dcf36f0000 - 0x000001dcf36f3000 	C:\Program Files\Java\jdk-11.0.1\bin\api-ms-win-core-heap-l1-1-0.dll
0x000001dcf3700000 - 0x000001dcf3703000 	C:\Program Files\Java\jdk-11.0.1\bin\api-ms-win-core-interlocked-l1-1-0.dll
0x000001dcf3940000 - 0x000001dcf3943000 	C:\Program Files\Java\jdk-11.0.1\bin\api-ms-win-core-libraryloader-l1-1-0.dll
0x000001dcf3950000 - 0x000001dcf3953000 	C:\Program Files\Java\jdk-11.0.1\bin\api-ms-win-core-localization-l1-2-0.dll
0x000001dcf3960000 - 0x000001dcf3963000 	C:\Program Files\Java\jdk-11.0.1\bin\api-ms-win-core-memory-l1-1-0.dll
0x000001dcf3710000 - 0x000001dcf3713000 	C:\Program Files\Java\jdk-11.0.1\bin\api-ms-win-core-namedpipe-l1-1-0.dll
0x000001dcf3720000 - 0x000001dcf3723000 	C:\Program Files\Java\jdk-11.0.1\bin\api-ms-win-core-processenvironment-l1-1-0.dll
0x000001dcf3730000 - 0x000001dcf3733000 	C:\Program Files\Java\jdk-11.0.1\bin\api-ms-win-core-processthreads-l1-1-0.dll
0x000001dcf3740000 - 0x000001dcf3743000 	C:\Program Files\Java\jdk-11.0.1\bin\api-ms-win-core-processthreads-l1-1-1.dll
0x000001dcf3750000 - 0x000001dcf3753000 	C:\Program Files\Java\jdk-11.0.1\bin\api-ms-win-core-profile-l1-1-0.dll
0x000001dcf3760000 - 0x000001dcf3763000 	C:\Program Files\Java\jdk-11.0.1\bin\api-ms-win-core-rtlsupport-l1-1-0.dll
0x000001dcf3770000 - 0x000001dcf3773000 	C:\Program Files\Java\jdk-11.0.1\bin\api-ms-win-core-string-l1-1-0.dll
0x000001dcf3780000 - 0x000001dcf3783000 	C:\Program Files\Java\jdk-11.0.1\bin\api-ms-win-core-synch-l1-1-0.dll
0x000001dcf3790000 - 0x000001dcf3793000 	C:\Program Files\Java\jdk-11.0.1\bin\api-ms-win-core-synch-l1-2-0.dll
0x000001dcf37a0000 - 0x000001dcf37a3000 	C:\Program Files\Java\jdk-11.0.1\bin\api-ms-win-core-sysinfo-l1-1-0.dll
0x000001dcf37b0000 - 0x000001dcf37b3000 	C:\Program Files\Java\jdk-11.0.1\bin\api-ms-win-core-timezone-l1-1-0.dll
0x000001dcf37c0000 - 0x000001dcf37c3000 	C:\Program Files\Java\jdk-11.0.1\bin\api-ms-win-core-util-l1-1-0.dll
0x000001dcf37d0000 - 0x000001dcf37d3000 	C:\Program Files\Java\jdk-11.0.1\bin\api-ms-win-crt-conio-l1-1-0.dll
0x000001dcf37e0000 - 0x000001dcf37e4000 	C:\Program Files\Java\jdk-11.0.1\bin\api-ms-win-crt-convert-l1-1-0.dll
0x000001dcf37f0000 - 0x000001dcf37f3000 	C:\Program Files\Java\jdk-11.0.1\bin\api-ms-win-crt-environment-l1-1-0.dll
0x000001dcf3800000 - 0x000001dcf3803000 	C:\Program Files\Java\jdk-11.0.1\bin\api-ms-win-crt-filesystem-l1-1-0.dll
0x000001dcf3810000 - 0x000001dcf3813000 	C:\Program Files\Java\jdk-11.0.1\bin\api-ms-win-crt-heap-l1-1-0.dll
0x000001dcf3820000 - 0x000001dcf3823000 	C:\Program Files\Java\jdk-11.0.1\bin\api-ms-win-crt-locale-l1-1-0.dll
0x000001dcf3830000 - 0x000001dcf3835000 	C:\Program Files\Java\jdk-11.0.1\bin\api-ms-win-crt-math-l1-1-0.dll
0x000001dcf3840000 - 0x000001dcf3845000 	C:\Program Files\Java\jdk-11.0.1\bin\api-ms-win-crt-multibyte-l1-1-0.dll
0x000001dcf3850000 - 0x000001dcf3860000 	C:\Program Files\Java\jdk-11.0.1\bin\api-ms-win-crt-private-l1-1-0.dll
0x000001dcf3860000 - 0x000001dcf3863000 	C:\Program Files\Java\jdk-11.0.1\bin\api-ms-win-crt-process-l1-1-0.dll
0x000001dcf3870000 - 0x000001dcf3874000 	C:\Program Files\Java\jdk-11.0.1\bin\api-ms-win-crt-runtime-l1-1-0.dll
0x000001dcf3880000 - 0x000001dcf3884000 	C:\Program Files\Java\jdk-11.0.1\bin\api-ms-win-crt-stdio-l1-1-0.dll
0x000001dcf3890000 - 0x000001dcf3894000 	C:\Program Files\Java\jdk-11.0.1\bin\api-ms-win-crt-string-l1-1-0.dll
0x000001dcf38a0000 - 0x000001dcf38a3000 	C:\Program Files\Java\jdk-11.0.1\bin\api-ms-win-crt-time-l1-1-0.dll
0x000001dcf38b0000 - 0x000001dcf38b3000 	C:\Program Files\Java\jdk-11.0.1\bin\api-ms-win-crt-utility-l1-1-0.dll
0x00007fff289d0000 - 0x00007fff28ac6000 	C:\Program Files\Java\jdk-11.0.1\bin\ucrtbase.dll
0x00007fff11e50000 - 0x00007fff11ea3000 	C:\Windows\System32\concrt140.dll
0x00007fff3b2f0000 - 0x00007fff3b313000 	C:\Users\mlx\.openjfx\cache\11.0.1\prism_d3d.dll
0x00007fff461d0000 - 0x00007fff46367000 	C:\Windows\system32\d3d9.dll
0x00007fff4e620000 - 0x00007fff4e649000 	C:\Windows\SYSTEM32\dwmapi.dll
0x00007fff4e390000 - 0x00007fff4e428000 	C:\Windows\system32\uxtheme.dll
0x00007fff4a450000 - 0x00007fff4a53e000 	C:\Windows\System32\DriverStore\FileRepository\nv_dispi.inf_amd64_6992f55a2cc4b209\nvldumdx.dll
0x00007fff507b0000 - 0x00007fff50992000 	C:\Windows\System32\crypt32.dll
0x00007fff4feb0000 - 0x00007fff4fec2000 	C:\Windows\System32\MSASN1.dll
0x00007fff4fff0000 - 0x00007fff50047000 	C:\Windows\System32\WINTRUST.DLL
0x00007fff51010000 - 0x00007fff5102d000 	C:\Windows\System32\imagehlp.dll
0x00007fff4f8c0000 - 0x00007fff4f8d7000 	C:\Windows\SYSTEM32\CRYPTSP.dll
0x00007fff4f2f0000 - 0x00007fff4f323000 	C:\Windows\system32\rsaenh.dll
0x00007fff4f9f0000 - 0x00007fff4fa15000 	C:\Windows\SYSTEM32\bcrypt.dll
0x00007fff4f8e0000 - 0x00007fff4f8eb000 	C:\Windows\SYSTEM32\CRYPTBASE.dll
0x00007ffed2d70000 - 0x00007ffed4157000 	C:\Windows\System32\DriverStore\FileRepository\nv_dispi.inf_amd64_6992f55a2cc4b209\nvd3dumx.dll
0x00007fff38e40000 - 0x00007fff38e85000 	C:\Users\mlx\.openjfx\cache\11.0.1\glass.dll
0x00007fff51030000 - 0x00007fff5111d000 	C:\Windows\System32\COMDLG32.dll
0x00007fff51c90000 - 0x00007fff51de1000 	C:\Windows\System32\ole32.dll
0x00007fff53a70000 - 0x00007fff53b32000 	C:\Windows\System32\OLEAUT32.dll
0x00007fff51f80000 - 0x00007fff520f3000 	C:\Windows\System32\MSCTF.dll
0x00007fff46b80000 - 0x00007fff46c44000 	C:\Program Files (x86)\NVIDIA Corporation\3D Vision\nvSCPAPI64.dll
0x00007fff51660000 - 0x00007fff51aab000 	C:\Windows\System32\SETUPAPI.dll
0x00007ffef2cc0000 - 0x00007ffef2f86000 	C:\Windows\system32\nvspcap64.dll
0x00007fff4ef80000 - 0x00007fff4efb1000 	C:\Windows\SYSTEM32\ntmarta.dll
0x00007fff4ebd0000 - 0x00007fff4ebf2000 	C:\Windows\SYSTEM32\gpapi.dll
0x00007fff4ad30000 - 0x00007fff4ad5e000 	C:\Windows\SYSTEM32\cryptnet.dll
0x00007fff40370000 - 0x00007fff40384000 	C:\Users\mlx\.openjfx\cache\11.0.1\javafx_font.dll
0x00007fff3b910000 - 0x00007fff3bc2c000 	C:\Windows\SYSTEM32\dwrite.dll
0x00007fff539d0000 - 0x00007fff53a70000 	C:\Windows\System32\clbcatq.dll
0x00007fff4bc60000 - 0x00007fff4be0e000 	C:\Windows\SYSTEM32\WindowsCodecs.dll
0x00007fff35dc0000 - 0x00007fff35e18000 	C:\Windows\system32\dataexchange.dll
0x00007fff4cf10000 - 0x00007fff4d21b000 	C:\Windows\system32\d3d11.dll
0x00007fff4d8d0000 - 0x00007fff4da6c000 	C:\Windows\system32\dcomp.dll
0x00007fff4ec50000 - 0x00007fff4ed0b000 	C:\Windows\system32\dxgi.dll
0x00007fff4e700000 - 0x00007fff4e8b8000 	C:\Windows\system32\twinapi.appcore.dll
0x00007fff4e8c0000 - 0x00007fff4e8e1000 	C:\Windows\system32\RMCLIENT.dll
0x00007fff38450000 - 0x00007fff38484000 	C:\Program Files\Common Files\Microsoft Shared\Ink\rtscom.dll
0x00007fff4d2e0000 - 0x00007fff4d8a7000 	C:\Windows\SYSTEM32\d2d1.dll
0x00007fff2a200000 - 0x00007fff2a97e000 	C:\Windows\SYSTEM32\D3D10Warp.dll

dbghelp: loaded successfully - version: 4.0.5 - missing functions: none
symbol engine: initialized successfully - sym options: 0x614 - pdb path: .;C:\Program Files\Java\jdk-11.0.1\bin;C:\Windows\SYSTEM32;C:\Windows\WinSxS\amd64_microsoft.windows.common-controls_6595b64144ccf1df_6.0.17134.471_none_fb3e9aab3068fc16;C:\Program Files\Java\jdk-11.0.1\bin\server;C:\Program Files\JetBrains\IntelliJ IDEA 2018.2.5\bin;C:\Users\mlx\.openjfx\cache\11.0.1;C:\Windows\System32\DriverStore\FileRepository\nv_dispi.inf_amd64_6992f55a2cc4b209;C:\Program Files (x86)\NVIDIA Corporation\3D Vision;C:\Program Files\Common Files\Microsoft Shared\Ink;C:\Windows\WinSxS\amd64_microsoft.windows.gdiplus_6595b64144ccf1df_1.1.17134.471_none_2c298d908afb75e4;C:\Users\mlx\AppData\Local\Microsoft\OneDrive\18.222.1104.0007\amd64;C:\Program Files\Common Files\Autodesk Shared

VM Arguments:
jvm_args: -javaagent:C:\Program Files\JetBrains\IntelliJ IDEA 2018.2.5\lib\idea_rt.jar=57227:C:\Program Files\JetBrains\IntelliJ IDEA 2018.2.5\bin -Dfile.encoding=UTF-8 --module-path=C:\Users\mlx\OneDrive\IdeaProject\Project_DSAA\target\classes;C:\Users\mlx\.m2\repository\org\openjfx\javafx-controls\11.0.1\javafx-controls-11.0.1.jar;C:\Users\mlx\.m2\repository\org\openjfx\javafx-controls\11.0.1\javafx-controls-11.0.1-win.jar;C:\Users\mlx\.m2\repository\org\openjfx\javafx-graphics\11.0.1\javafx-graphics-11.0.1.jar;C:\Users\mlx\.m2\repository\org\openjfx\javafx-graphics\11.0.1\javafx-graphics-11.0.1-win.jar;C:\Users\mlx\.m2\repository\org\openjfx\javafx-base\11.0.1\javafx-base-11.0.1.jar;C:\Users\mlx\.m2\repository\org\openjfx\javafx-base\11.0.1\javafx-base-11.0.1-win.jar;C:\Users\mlx\.m2\repository\org\openjfx\javafx-fxml\11.0.1\javafx-fxml-11.0.1.jar;C:\Users\mlx\.m2\repository\org\openjfx\javafx-fxml\11.0.1\javafx-fxml-11.0.1-win.jar;C:\Users\mlx\.m2\repository\com\jfoenix\jfoenix\9.0.8\jfoenix-9.0.8.jar -Djdk.module.main=Project.DSAA 
java_command: Project.DSAA/gui.Main
java_class_path (initial): <not set>
Launcher Type: SUN_STANDARD

[Global flags]
     intx CICompilerCount                          = 4                                         {product} {ergonomic}
     uint ConcGCThreads                            = 3                                         {product} {ergonomic}
     uint G1ConcRefinementThreads                  = 10                                        {product} {ergonomic}
   size_t G1HeapRegionSize                         = 1048576                                   {product} {ergonomic}
    uintx GCDrainStackTargetSize                   = 64                                        {product} {ergonomic}
   size_t InitialHeapSize                          = 268435456                                 {product} {ergonomic}
   size_t MarkStackSize                            = 4194304                                   {product} {ergonomic}
   size_t MaxHeapSize                              = 4278190080                                {product} {ergonomic}
   size_t MaxNewSize                               = 2566914048                                {product} {ergonomic}
   size_t MinHeapDeltaBytes                        = 1048576                                   {product} {ergonomic}
    uintx NonNMethodCodeHeapSize                   = 5835340                                {pd product} {ergonomic}
    uintx NonProfiledCodeHeapSize                  = 122911450                              {pd product} {ergonomic}
    uintx ProfiledCodeHeapSize                     = 122911450                              {pd product} {ergonomic}
    uintx ReservedCodeCacheSize                    = 251658240                              {pd product} {ergonomic}
     bool SegmentedCodeCache                       = true                                      {product} {ergonomic}
     bool UseCompressedClassPointers               = true                                 {lp64_product} {ergonomic}
     bool UseCompressedOops                        = true                                 {lp64_product} {ergonomic}
     bool UseG1GC                                  = true                                      {product} {ergonomic}
     bool UseLargePagesIndividualAllocation        = false                                  {pd product} {ergonomic}

Logging:
Log output configuration:
 #0: stdout all=warning uptime,level,tags
 #1: stderr all=off uptime,level,tags

Environment Variables:
PATH=C:\Program Files (x86)\Common Files\Oracle\Java\javapath;C:\Users\mlx\AppData\Local\Programs\Python\Python36;C:\Windows;C:\Windows\System32\Wbem;C:\Windows\System32\WindowsPowerShell\v1.0\;C:\Windows\System32\OpenSSH\;C:\Program Files (x86)\NVIDIA Corporation\PhysX\Common;C:\Program Files (x86)\Windows Kits\8.1\Windows Performance Toolkit\;C:\Program Files\nodejs\;C:\Program Files\MATLAB\R2018b\bin;C:\Program Files\Git\cmd;C:\Program Files (x86)\baiduyun;C:\Users\mlx\Desktop;C:\Program Files\NVIDIA Corporation\NVIDIA NvDLISR;C:\Users\mlx\AppData\Local\Programs\Python\Python36\Scripts\;C:\Users\mlx\AppData\Local\Programs\Python\Python36\;C:\Users\mlx\AppData\Local\Microsoft\WindowsApps;C:\Users\mlx\AppData\Roaming\npm
USERNAME=mlx
OS=Windows_NT
PROCESSOR_IDENTIFIER=AMD64 Family 23 Model 8 Stepping 2, AuthenticAMD



---------------  S Y S T E M  ---------------

OS: Windows 10 , 64 bit Build 17134 (10.0.17134.1)

CPU:total 12 (initial active 12) (12 cores per cpu, 2 threads per core) family 23 model 8 stepping 2, cmov, cx8, fxsr, mmx, sse, sse2, sse3, ssse3, sse4.1, sse4.2, popcnt, avx, avx2, aes, clmul, mmxext, 3dnowpref, lzcnt, sse4a, ht, tsc, tscinvbit, tscinv, bmi1, bmi2, adx, sha, fma

Memory: 4k page, system-wide physical 16316M (2814M free)
TotalPageFile size 65468M (AvailPageFile size 5M)
current process WorkingSet (physical memory assigned to process): 218M, peak: 222M
current process commit charge ("private bytes"): 476M, peak: 481M

vm_info: Java HotSpot(TM) 64-Bit Server VM (11.0.1+13-LTS) for windows-amd64 JRE (11.0.1+13-LTS), built on Oct  6 2018 13:20:16 by "mach5one" with MS VC++ 15.5 (VS2017)

END.
